   1              		.file	"AssertException.cpp"
   2              		.text
   3              		.align 2
   4              		.p2align 4,,15
   5              		.globl	_ZNK8UnitTest15AssertException4whatEv
   7              	_ZNK8UnitTest15AssertException4whatEv:
   8              	.LFB39:
   9              		.cfi_startproc
  10 0000 488D4708 		leaq	8(%rdi), %rax
  11 0004 C3       		ret
  12              		.cfi_endproc
  13              	.LFE39:
  15 0005 90       		.align 2
  16 0006 662E0F1F 		.p2align 4,,15
  16      84000000 
  16      0000
  17              		.globl	_ZN8UnitTest15AssertExceptionD2Ev
  19              	_ZN8UnitTest15AssertExceptionD2Ev:
  20              	.LFB36:
  21              		.cfi_startproc
  22 0010 488B0500 		movq	_ZTVN8UnitTest15AssertExceptionE@GOTPCREL(%rip), %rax
  22      000000
  23 0017 4883C010 		addq	$16, %rax
  24 001b 488907   		movq	%rax, (%rdi)
  25 001e E9000000 		jmp	_ZNSt9exceptionD2Ev@PLT
  25      00
  26              		.cfi_endproc
  27              	.LFE36:
  29              		.globl	_ZN8UnitTest15AssertExceptionD1Ev
  30              		.set	_ZN8UnitTest15AssertExceptionD1Ev,_ZN8UnitTest15AssertExceptionD2Ev
  31 0023 90       		.align 2
  32 0024 6666662E 		.p2align 4,,15
  32      0F1F8400 
  32      00000000 
  33              		.globl	_ZN8UnitTest15AssertExceptionD0Ev
  35              	_ZN8UnitTest15AssertExceptionD0Ev:
  36              	.LFB38:
  37              		.cfi_startproc
  38 0030 53       		pushq	%rbx
  39              		.cfi_def_cfa_offset 16
  40              		.cfi_offset 3, -16
  41 0031 4889FB   		movq	%rdi, %rbx
  42 0034 E8000000 		call	_ZN8UnitTest15AssertExceptionD1Ev@PLT
  42      00
  43 0039 4889DF   		movq	%rbx, %rdi
  44 003c 5B       		popq	%rbx
  45              		.cfi_def_cfa_offset 8
  46 003d E9000000 		jmp	_ZdlPv@PLT
  46      00
  47              		.cfi_endproc
  48              	.LFE38:
  50              		.align 2
  51 0042 66666666 		.p2align 4,,15
  51      662E0F1F 
  51      84000000 
  51      0000
  52              		.globl	_ZN8UnitTest15AssertExceptionC2EPKcS2_i
  54              	_ZN8UnitTest15AssertExceptionC2EPKcS2_i:
  55              	.LFB33:
  56              		.cfi_startproc
  57 0050 55       		pushq	%rbp
  58              		.cfi_def_cfa_offset 16
  59              		.cfi_offset 6, -16
  60 0051 4889D5   		movq	%rdx, %rbp
  61 0054 BA000200 		movl	$512, %edx
  61      00
  62 0059 53       		pushq	%rbx
  63              		.cfi_def_cfa_offset 24
  64              		.cfi_offset 3, -24
  65 005a 4889FB   		movq	%rdi, %rbx
  66 005d 488D7F08 		leaq	8(%rdi), %rdi
  67 0061 4883EC08 		subq	$8, %rsp
  68              		.cfi_def_cfa_offset 32
  69 0065 488B0500 		movq	_ZTVN8UnitTest15AssertExceptionE@GOTPCREL(%rip), %rax
  69      000000
  70 006c 898F0003 		movl	%ecx, 768(%rdi)
  70      0000
  71 0072 4883C010 		addq	$16, %rax
  72 0076 488947F8 		movq	%rax, -8(%rdi)
  73 007a E8000000 		call	__strcpy_chk@PLT
  73      00
  74 007f 4883C408 		addq	$8, %rsp
  75              		.cfi_def_cfa_offset 24
  76 0083 488DBB08 		leaq	520(%rbx), %rdi
  76      020000
  77 008a 4889EE   		movq	%rbp, %rsi
  78 008d 5B       		popq	%rbx
  79              		.cfi_def_cfa_offset 16
  80 008e 5D       		popq	%rbp
  81              		.cfi_def_cfa_offset 8
  82 008f BA000100 		movl	$256, %edx
  82      00
  83 0094 E9000000 		jmp	__strcpy_chk@PLT
  83      00
  84              		.cfi_endproc
  85              	.LFE33:
  87              		.globl	_ZN8UnitTest15AssertExceptionC1EPKcS2_i
  88              		.set	_ZN8UnitTest15AssertExceptionC1EPKcS2_i,_ZN8UnitTest15AssertExceptionC2EPKcS2_i
  89 0099 90       		.align 2
  90 009a 660F1F44 		.p2align 4,,15
  90      0000
  91              		.globl	_ZNK8UnitTest15AssertException8FilenameEv
  93              	_ZNK8UnitTest15AssertException8FilenameEv:
  94              	.LFB40:
  95              		.cfi_startproc
  96 00a0 488D8708 		leaq	520(%rdi), %rax
  96      020000
  97 00a7 C3       		ret
  98              		.cfi_endproc
  99              	.LFE40:
 101              		.align 2
 102 00a8 0F1F8400 		.p2align 4,,15
 102      00000000 
 103              		.globl	_ZNK8UnitTest15AssertException10LineNumberEv
 105              	_ZNK8UnitTest15AssertException10LineNumberEv:
 106              	.LFB41:
 107              		.cfi_startproc
 108 00b0 8B870803 		movl	776(%rdi), %eax
 108      0000
 109 00b6 C3       		ret
 110              		.cfi_endproc
 111              	.LFE41:
 113              		.weak	_ZTSN8UnitTest15AssertExceptionE
 114              		.section	.rodata._ZTSN8UnitTest15AssertExceptionE,"aG",@progbits,_ZTSN8UnitTest15AssertExceptionE,
 115              		.align 16
 118              	_ZTSN8UnitTest15AssertExceptionE:
 119 0000 4E38556E 		.string	"N8UnitTest15AssertExceptionE"
 119      69745465 
 119      73743135 
 119      41737365 
 119      72744578 
 120              		.weak	_ZTIN8UnitTest15AssertExceptionE
 121              		.section	.data.rel.ro._ZTIN8UnitTest15AssertExceptionE,"awG",@progbits,_ZTIN8UnitTest15AssertExcep
 122              		.align 16
 125              	_ZTIN8UnitTest15AssertExceptionE:
 126 0000 00000000 		.quad	_ZTVN10__cxxabiv120__si_class_type_infoE+16
 126      00000000 
 127 0008 00000000 		.quad	_ZTSN8UnitTest15AssertExceptionE
 127      00000000 
 128 0010 00000000 		.quad	_ZTISt9exception
 128      00000000 
 129              		.weak	_ZTVN8UnitTest15AssertExceptionE
 130              		.section	.data.rel.ro._ZTVN8UnitTest15AssertExceptionE,"awG",@progbits,_ZTVN8UnitTest15AssertExcep
 131              		.align 32
 134              	_ZTVN8UnitTest15AssertExceptionE:
 135 0000 00000000 		.quad	0
 135      00000000 
 136 0008 00000000 		.quad	_ZTIN8UnitTest15AssertExceptionE
 136      00000000 
 137 0010 00000000 		.quad	_ZN8UnitTest15AssertExceptionD1Ev
 137      00000000 
 138 0018 00000000 		.quad	_ZN8UnitTest15AssertExceptionD0Ev
 138      00000000 
 139 0020 00000000 		.quad	_ZNK8UnitTest15AssertException4whatEv
 139      00000000 
 140              		.ident	"GCC: (Ubuntu 4.8.4-2ubuntu1~14.04.3) 4.8.4"
 141              		.section	.note.GNU-stack,"",@progbits
DEFINED SYMBOLS
                            *ABS*:0000000000000000 AssertException.cpp
     /tmp/ccrP8YHO.s:7      .text:0000000000000000 _ZNK8UnitTest15AssertException4whatEv
     /tmp/ccrP8YHO.s:19     .text:0000000000000010 _ZN8UnitTest15AssertExceptionD2Ev
     /tmp/ccrP8YHO.s:134    .data.rel.ro._ZTVN8UnitTest15AssertExceptionE:0000000000000000 _ZTVN8UnitTest15AssertExceptionE
     /tmp/ccrP8YHO.s:19     .text:0000000000000010 _ZN8UnitTest15AssertExceptionD1Ev
     /tmp/ccrP8YHO.s:35     .text:0000000000000030 _ZN8UnitTest15AssertExceptionD0Ev
     /tmp/ccrP8YHO.s:54     .text:0000000000000050 _ZN8UnitTest15AssertExceptionC2EPKcS2_i
     /tmp/ccrP8YHO.s:54     .text:0000000000000050 _ZN8UnitTest15AssertExceptionC1EPKcS2_i
     /tmp/ccrP8YHO.s:93     .text:00000000000000a0 _ZNK8UnitTest15AssertException8FilenameEv
     /tmp/ccrP8YHO.s:105    .text:00000000000000b0 _ZNK8UnitTest15AssertException10LineNumberEv
     /tmp/ccrP8YHO.s:118    .rodata._ZTSN8UnitTest15AssertExceptionE:0000000000000000 _ZTSN8UnitTest15AssertExceptionE
     /tmp/ccrP8YHO.s:125    .data.rel.ro._ZTIN8UnitTest15AssertExceptionE:0000000000000000 _ZTIN8UnitTest15AssertExceptionE

UNDEFINED SYMBOLS
_GLOBAL_OFFSET_TABLE_
_ZNSt9exceptionD2Ev
_ZdlPv
__strcpy_chk
_ZTVN10__cxxabiv120__si_class_type_infoE
_ZTISt9exception
